<?xml version="1.0" encoding="UTF-8"?>
<!-- Generated by org.testng.reporters.JUnitReportReporter -->
<testsuite hostname="SDS" failures="0" tests="1" name="ebank.automation.JavaStreamUsageExample" time="0.191" errors="0" timestamp="2020-04-05T21:53:50 EDT" skipped="0">
  <testcase classname="ebank.automation.JavaStreamUsageExample" name="JavaStreamUsage" time="0.191"/>
</testsuite> <!-- ebank.automation.JavaStreamUsageExample -->
