<?xml version="1.0" encoding="UTF-8"?>
<!-- Generated by org.testng.reporters.JUnitReportReporter -->
<testsuite hostname="SDS" failures="0" tests="1" name="ebank.automation.CreateNewCustomer" time="0.725" errors="0" timestamp="2020-04-04T20:26:13 EDT" skipped="0">
  <testcase classname="ebank.automation.CreateNewCustomer" name="createNewCustomer" time="0.725"/>
</testsuite> <!-- ebank.automation.CreateNewCustomer -->
