<?xml version="1.0" encoding="UTF-8"?>
<!-- Generated by org.testng.reporters.JUnitReportReporter -->
<testsuite hostname="SDS" failures="0" tests="1" name="ebank.automation.Login" time="37.310" errors="0" timestamp="2020-04-04T19:02:29 EDT" skipped="0">
  <testcase classname="ebank.automation.Login" name="login" time="37.310"/>
</testsuite> <!-- ebank.automation.Login -->
